  MonsterA.cpp
  c1xx: fatal error C1083: 소스 파일을 열 수 없습니다. 'MonsterA.cpp': No such file or directory
  MonsterB.cpp
  c1xx: fatal error C1083: 소스 파일을 열 수 없습니다. 'MonsterB.cpp': No such file or directory
  MonsterC.cpp
  c1xx: fatal error C1083: 소스 파일을 열 수 없습니다. 'MonsterC.cpp': No such file or directory
  MyCharacter.cpp
D:\DSU\Univercity\3-1\네퉉\달\OpenGL_Templete_\dsDef.h(1,1): warning C4819:  현재 코드 페이지(949)에서 표시할 수 없는 문자가 파일에 들어 있습니다. 데이터가 손실되지 않게 하려면 해당 파일을 유니코드 형식으로 저장하십시오.
D:\DSU\Univercity\3-1\네퉉\달\OpenGL_Templete_\MyCharacter.h(57,23): warning C4244:  'return': 'float'에서 'int'(으)로 변환하면서 데이터가 손실될 수 있습니다.
D:\DSU\Univercity\3-1\네퉉\달\OpenGL_Templete_\MyCharacter.h(61,23): warning C4244:  'return': 'float'에서 'int'(으)로 변환하면서 데이터가 손실될 수 있습니다.
D:\DSU\Univercity\3-1\네퉉\달\OpenGL_Templete_\MyCharacter.cpp(26,1): warning C4996:  'fopen': This function or variable may be unsafe. Consider using fopen_s instead. To disable deprecation, use _CRT_SECURE_NO_WARNINGS. See online help for details.
C:\Program Files (x86)\Windows Kits\10\Include\10.0.18362.0\ucrt\stdio.h(208): message :  'fopen' 선언을 참조하십시오.
D:\DSU\Univercity\3-1\네퉉\달\OpenGL_Templete_\MyCharacter.cpp(27,1): warning C4996:  'fscanf': This function or variable may be unsafe. Consider using fscanf_s instead. To disable deprecation, use _CRT_SECURE_NO_WARNINGS. See online help for details.
C:\Program Files (x86)\Windows Kits\10\Include\10.0.18362.0\ucrt\stdio.h(1197): message :  'fscanf' 선언을 참조하십시오.
D:\DSU\Univercity\3-1\네퉉\달\OpenGL_Templete_\MyCharacter.cpp(31,1): warning C4996:  'fscanf': This function or variable may be unsafe. Consider using fscanf_s instead. To disable deprecation, use _CRT_SECURE_NO_WARNINGS. See online help for details.
C:\Program Files (x86)\Windows Kits\10\Include\10.0.18362.0\ucrt\stdio.h(1197): message :  'fscanf' 선언을 참조하십시오.
D:\DSU\Univercity\3-1\네퉉\달\OpenGL_Templete_\MyCharacter.cpp(36,1): warning C4996:  'fscanf': This function or variable may be unsafe. Consider using fscanf_s instead. To disable deprecation, use _CRT_SECURE_NO_WARNINGS. See online help for details.
C:\Program Files (x86)\Windows Kits\10\Include\10.0.18362.0\ucrt\stdio.h(1197): message :  'fscanf' 선언을 참조하십시오.
D:\DSU\Univercity\3-1\네퉉\달\OpenGL_Templete_\MyCharacter.cpp(24,26): warning C4101:  'type' :참조되지 않은 지역 변수입니다.
D:\DSU\Univercity\3-1\네퉉\달\OpenGL_Templete_\MyCharacter.cpp(71,27): warning C4244:  '인수': 'LONG'에서 'float'(으)로 변환하면서 데이터가 손실될 수 있습니다.
D:\DSU\Univercity\3-1\네퉉\달\OpenGL_Templete_\MyCharacter.cpp(70,27): warning C4244:  '인수': 'LONG'에서 'float'(으)로 변환하면서 데이터가 손실될 수 있습니다.
D:\DSU\Univercity\3-1\네퉉\달\OpenGL_Templete_\MyCharacter.cpp(69,27): warning C4244:  '인수': 'LONG'에서 'float'(으)로 변환하면서 데이터가 손실될 수 있습니다.
  Shot.cpp
  SmallStone_img.cpp
D:\DSU\Univercity\3-1\네퉉\달\OpenGL_Templete_\MyCharacter.cpp(68,27): warning C4244:  '인수': 'LONG'에서 'float'(으)로 변환하면서 데이터가 손실될 수 있습니다.
D:\DSU\Univercity\3-1\네퉉\달\OpenGL_Templete_\MyCharacter.cpp(68,27): warning C4244: c1xx: fatal error C1083: 소스 파일을 열 수 없습니다. 'Shot.cpp': No such file or directory
D:\DSU\Univercity\3-1\네퉉\달\OpenGL_Templete_\dsDef.h(1,1): warning C4819:  현재 코드 페이지(949)에서 표시할 수 없는 문자가 파일에 들어 있습니다. 데이터가 손실되지 않게 하려면 해당 파일을 유니코드 형식으로 저장하십시오.
D:\DSU\Univercity\3-1\네퉉\달\OpenGL_Templete_\MyCharacter.h(57,23): warning C4244:  'return': 'float'에서 'int'(으)로 변환하면서 데이터가 손실될 수 있습니다.
D:\DSU\Univercity\3-1\네퉉\달\OpenGL_Templete_\MyCharacter.h(61,23): warning C4244:  'return': 'float'에서 'int'(으)로 변환하면서 데이터가 손실될 수 있습니다.
  Snail.cpp
  SnailBlue.cpp
  SnailRed.cpp
  SnailYellow.cpp
  stdafx.cpp
  Wizard.cpp
  Wizard0.cpp
  코드를 생성하고 있습니다...
D:\DSU\Univercity\3-1\네퉉\달\OpenGL_Templete_\SmallStone_img.cpp(52,28): warning C4244:  '=': 'int'에서 'float'(으)로 변환하면서 데이터가 손실될 수 있습니다.
D:\DSU\Univercity\3-1\네퉉\달\OpenGL_Templete_\SmallStone_img.cpp(52,28): warning C4244: c1xx: fatal error C1083: 소스 파일을 열 수 없습니다. 'Snail.cpp': No such file or directory
D:\DSU\Univercity\3-1\네퉉\달\OpenGL_Templete_\SmallStone_img.cpp(52,28): warning C4244: c1xx: fatal error C1083: 소스 파일을 열 수 없습니다. 'SnailBlue.cpp': No such file or directory
D:\DSU\Univercity\3-1\네퉉\달\OpenGL_Templete_\SmallStone_img.cpp(52,28): warning C4244: c1xx: fatal error C1083: 소스 파일을 열 수 없습니다. 'SnailRed.cpp': No such file or directory
D:\DSU\Univercity\3-1\네퉉\달\OpenGL_Templete_\SmallStone_img.cpp(52,28): warning C4244: c1xx: fatal error C1083: 소스 파일을 열 수 없습니다. 'SnailYellow.cpp': No such file or directory
D:\DSU\Univercity\3-1\네퉉\달\OpenGL_Templete_\SmallStone_img.cpp(52,28): warning C4244: c1xx: fatal error C1083: 소스 파일을 열 수 없습니다. 'Wizard.cpp': No such file or directory
D:\DSU\Univercity\3-1\네퉉\달\OpenGL_Templete_\SmallStone_img.cpp(52,28): warning C4244: c1xx: fatal error C1083: 소스 파일을 열 수 없습니다. 'Wizard0.cpp': No such file or directory
D:\DSU\Univercity\3-1\네퉉\달\OpenGL_Templete_\SmallStone_img.cpp(43): warning C4715:  'SmallStone_img::OnUpdate': 모든 제어 경로에서 값을 반환하지는 않습니다.
C:\Program Files (x86)\Microsoft Visual Studio\2019\Community\MSBuild\Microsoft\VC\v160\Microsoft.CppCommon.targets(429,5): error MSB6006: "CL.exe"이(가) 종료되었습니다(코드: 2).
