d:\dsu\univercity\3-1\네퉉\달\opengl_templete_\debug\vc142.pdb
d:\dsu\univercity\3-1\네퉉\달\opengl_templete_\debug\vc142.idb
d:\dsu\univercity\3-1\네퉉\달\opengl_templete_\debug\myobject.obj
d:\dsu\univercity\3-1\네퉉\달\opengl_templete_\debug\mycharacter.obj
d:\dsu\univercity\3-1\네퉉\달\opengl_templete_\debug\mapsubobject.obj
d:\dsu\univercity\3-1\네퉉\달\opengl_templete_\debug\frameopengl.obj
d:\dsu\univercity\3-1\네퉉\달\opengl_templete_\debug\dsvector3.obj
d:\dsu\univercity\3-1\네퉉\달\opengl_templete_\debug\dsvector2.obj
d:\dsu\univercity\3-1\네퉉\달\opengl_templete_\debug\dstexture.obj
d:\dsu\univercity\3-1\네퉉\달\opengl_templete_\debug\dssound.obj
d:\dsu\univercity\3-1\네퉉\달\opengl_templete_\debug\dsresource.obj
d:\dsu\univercity\3-1\네퉉\달\opengl_templete_\debug\dsopenalsoundmanager.obj
d:\dsu\univercity\3-1\네퉉\달\opengl_templete_\debug\dsobject.obj
d:\dsu\univercity\3-1\네퉉\달\opengl_templete_\debug\dsmanager.obj
d:\dsu\univercity\3-1\네퉉\달\opengl_templete_\debug\cwaves.obj
d:\dsu\univercity\3-1\네퉉\달\opengl_templete_\debug\stdafx.obj
d:\dsu\univercity\3-1\네퉉\달\opengl_templete_\debug\snailai.obj
d:\dsu\univercity\3-1\네퉉\달\opengl_templete_\debug\smallstone_img.obj
d:\dsu\univercity\3-1\네퉉\달\opengl_templete_\debug\endline.obj
d:\dsu\univercity\3-1\네퉉\달\opengl_templete_\debug\bigstone.obj
d:\dsu\univercity\3-1\네퉉\달\opengl_templete_\debug\opengl_templete.obj
d:\dsu\univercity\3-1\네퉉\달\opengl_templete_\debug\mapobject.obj
e:\gameprogramming\snailup\opengl_templete_\debug\vc142.pdb
e:\gameprogramming\snailup\opengl_templete_\debug\vc142.idb
e:\gameprogramming\snailup\opengl_templete_\debug\stdafx.obj
e:\gameprogramming\snailup\opengl_templete_\debug\snailai.obj
e:\gameprogramming\snailup\opengl_templete_\debug\smallstone_img.obj
e:\gameprogramming\snailup\opengl_templete_\debug\opengl_templete.obj
e:\gameprogramming\snailup\opengl_templete_\debug\myobject.obj
e:\gameprogramming\snailup\opengl_templete_\debug\mycharacter.obj
e:\gameprogramming\snailup\opengl_templete_\debug\mapsubobject.obj
e:\gameprogramming\snailup\opengl_templete_\debug\mapobject.obj
e:\gameprogramming\snailup\opengl_templete_\debug\frameopengl.obj
e:\gameprogramming\snailup\opengl_templete_\debug\dsvector3.obj
e:\gameprogramming\snailup\opengl_templete_\debug\dsvector2.obj
e:\gameprogramming\snailup\opengl_templete_\debug\dstexture.obj
e:\gameprogramming\snailup\opengl_templete_\debug\dssound.obj
e:\gameprogramming\snailup\opengl_templete_\debug\dsresource.obj
e:\gameprogramming\snailup\opengl_templete_\debug\dsopenalsoundmanager.obj
e:\gameprogramming\snailup\opengl_templete_\debug\dsobject.obj
e:\gameprogramming\snailup\opengl_templete_\debug\dsmanager.obj
e:\gameprogramming\snailup\opengl_templete_\debug\cwaves.obj
e:\gameprogramming\snailup\opengl_templete_\debug\endline.obj
e:\gameprogramming\snailup\opengl_templete_\debug\bigstone.obj
e:\gameprogramming\snailup\opengl_templete_\debug\glf.obj
e:\gameprogramming\snailup\opengl_templete_\debug\newsnail.obj
e:\gameprogramming\snailup\opengl_templete_\debug\cirqueue.obj
e:\gameprogramming\snailup\opengl_templete_\debug\opengl_templete.exe
e:\gameprogramming\snailup\opengl_templete_\debug\opengl_templete.pdb
e:\gameprogramming\snailup\opengl_templete_\debug\opengl_templete.res
e:\gameprogramming\snailup\opengl_templete_\debug\monstera.obj
e:\gameprogramming\snailup\opengl_templete_\debug\monsterb.obj
e:\gameprogramming\snailup\opengl_templete_\debug\monsterc.obj
e:\gameprogramming\snailup\opengl_templete_\debug\shot.obj
e:\gameprogramming\snailup\opengl_templete_\debug\snail.obj
e:\gameprogramming\snailup\opengl_templete_\debug\snailblue.obj
e:\gameprogramming\snailup\opengl_templete_\debug\snailred.obj
e:\gameprogramming\snailup\opengl_templete_\debug\snailyellow.obj
e:\gameprogramming\snailup\opengl_templete_\debug\wizard.obj
e:\gameprogramming\snailup\opengl_templete_\debug\wizard0.obj
e:\gameprogramming\snailup\opengl_templete_\debug\opengl_templete.tlog\cl.command.1.tlog
e:\gameprogramming\snailup\opengl_templete_\debug\opengl_templete.tlog\cl.read.1.tlog
e:\gameprogramming\snailup\opengl_templete_\debug\opengl_templete.tlog\cl.write.1.tlog
e:\gameprogramming\snailup\opengl_templete_\debug\opengl_templete.tlog\link.11568.delete.1.tlog
e:\gameprogramming\snailup\opengl_templete_\debug\opengl_templete.tlog\link.19004.delete.1.tlog
e:\gameprogramming\snailup\opengl_templete_\debug\opengl_templete.tlog\link.19140.delete.1.tlog
e:\gameprogramming\snailup\opengl_templete_\debug\opengl_templete.tlog\link.24268.delete.1.tlog
e:\gameprogramming\snailup\opengl_templete_\debug\opengl_templete.tlog\link.29492.delete.1.tlog
e:\gameprogramming\snailup\opengl_templete_\debug\opengl_templete.tlog\link.9420.delete.1.tlog
e:\gameprogramming\snailup\opengl_templete_\debug\opengl_templete.tlog\link.command.1.tlog
e:\gameprogramming\snailup\opengl_templete_\debug\opengl_templete.tlog\link.read.1.tlog
e:\gameprogramming\snailup\opengl_templete_\debug\opengl_templete.tlog\link.write.1.tlog
e:\gameprogramming\snailup\opengl_templete_\debug\opengl_templete.tlog\rc.command.1.tlog
e:\gameprogramming\snailup\opengl_templete_\debug\opengl_templete.tlog\rc.read.1.tlog
e:\gameprogramming\snailup\opengl_templete_\debug\opengl_templete.tlog\rc.write.1.tlog
